{"C:\\ms-fiap\\src\\core\\application\\use-cases\\CreateOrderService.js": {"path":"C:\\ms-fiap\\src\\core\\application\\use-cases\\CreateOrderService.js","statementMap":{"0":{"start":{"line":1,"column":14},"end":{"line":1,"column":66}},"1":{"start":{"line":5,"column":4},"end":{"line":5,"column":43}},"2":{"start":{"line":9,"column":23},"end":{"line":9,"column":53}},"3":{"start":{"line":10,"column":18},"end":{"line":10,"column":83}},"4":{"start":{"line":12,"column":4},"end":{"line":12,"column":43}},"5":{"start":{"line":14,"column":4},"end":{"line":14,"column":17}},"6":{"start":{"line":18,"column":0},"end":{"line":18,"column":36}}},"fnMap":{"0":{"name":"(anonymous_0)","decl":{"start":{"line":4,"column":2},"end":{"line":4,"column":3}},"loc":{"start":{"line":4,"column":31},"end":{"line":6,"column":3}},"line":4},"1":{"name":"(anonymous_1)","decl":{"start":{"line":8,"column":2},"end":{"line":8,"column":3}},"loc":{"start":{"line":8,"column":40},"end":{"line":15,"column":3}},"line":8}},"branchMap":{"0":{"loc":{"start":{"line":8,"column":16},"end":{"line":8,"column":38}},"type":"default-arg","locations":[{"start":{"line":8,"column":36},"end":{"line":8,"column":38}}],"line":8},"1":{"loc":{"start":{"line":9,"column":23},"end":{"line":9,"column":53}},"type":"binary-expr","locations":[{"start":{"line":9,"column":23},"end":{"line":9,"column":30}},{"start":{"line":9,"column":34},"end":{"line":9,"column":53}}],"line":9},"2":{"loc":{"start":{"line":10,"column":61},"end":{"line":10,"column":80}},"type":"binary-expr","locations":[{"start":{"line":10,"column":61},"end":{"line":10,"column":67}},{"start":{"line":10,"column":71},"end":{"line":10,"column":80}}],"line":10}},"s":{"0":1,"1":5,"2":5,"3":5,"4":5,"5":4,"6":1},"f":{"0":5,"1":5},"b":{"0":[1],"1":[5,3],"2":[5,3]},"_coverageSchema":"1a1c01bbd47fc00a2c39e90264f33305004495a9","hash":"f428356c924c39f3bc63520911aa799e11be37d5"}
,"C:\\ms-fiap\\src\\core\\application\\use-cases\\FinishOrderPreparationUseCase.js": {"path":"C:\\ms-fiap\\src\\core\\application\\use-cases\\FinishOrderPreparationUseCase.js","statementMap":{"0":{"start":{"line":1,"column":32},"end":{"line":1,"column":89}},"1":{"start":{"line":5,"column":4},"end":{"line":5,"column":43}},"2":{"start":{"line":6,"column":4},"end":{"line":6,"column":41}},"3":{"start":{"line":10,"column":18},"end":{"line":10,"column":67}},"4":{"start":{"line":12,"column":4},"end":{"line":14,"column":5}},"5":{"start":{"line":13,"column":8},"end":{"line":13,"column":39}},"6":{"start":{"line":16,"column":4},"end":{"line":16,"column":22}},"7":{"start":{"line":18,"column":18},"end":{"line":18,"column":43}},"8":{"start":{"line":19,"column":4},"end":{"line":21,"column":5}},"9":{"start":{"line":20,"column":8},"end":{"line":20,"column":27}},"10":{"start":{"line":23,"column":4},"end":{"line":23,"column":45}},"11":{"start":{"line":25,"column":18},"end":{"line":28,"column":6}},"12":{"start":{"line":30,"column":4},"end":{"line":30,"column":44}},"13":{"start":{"line":32,"column":4},"end":{"line":32,"column":17}},"14":{"start":{"line":36,"column":0},"end":{"line":36,"column":46}}},"fnMap":{"0":{"name":"(anonymous_0)","decl":{"start":{"line":4,"column":2},"end":{"line":4,"column":3}},"loc":{"start":{"line":4,"column":47},"end":{"line":7,"column":3}},"line":4},"1":{"name":"(anonymous_1)","decl":{"start":{"line":9,"column":2},"end":{"line":9,"column":3}},"loc":{"start":{"line":9,"column":26},"end":{"line":33,"column":3}},"line":9}},"branchMap":{"0":{"loc":{"start":{"line":12,"column":4},"end":{"line":14,"column":5}},"type":"if","locations":[{"start":{"line":12,"column":4},"end":{"line":14,"column":5}},{"start":{},"end":{}}],"line":12},"1":{"loc":{"start":{"line":19,"column":4},"end":{"line":21,"column":5}},"type":"if","locations":[{"start":{"line":19,"column":4},"end":{"line":21,"column":5}},{"start":{},"end":{}}],"line":19}},"s":{"0":1,"1":5,"2":5,"3":5,"4":5,"5":1,"6":4,"7":4,"8":4,"9":1,"10":3,"11":2,"12":2,"13":2,"14":1},"f":{"0":5,"1":5},"b":{"0":[1,4],"1":[1,3]},"_coverageSchema":"1a1c01bbd47fc00a2c39e90264f33305004495a9","hash":"5782f3e9f5afa3f74c65a6ae988d6f5d28840893"}
,"C:\\ms-fiap\\src\\core\\application\\use-cases\\GetAllOrdersByStatusUseCase.js": {"path":"C:\\ms-fiap\\src\\core\\application\\use-cases\\GetAllOrdersByStatusUseCase.js","statementMap":{"0":{"start":{"line":4,"column":4},"end":{"line":4,"column":43}},"1":{"start":{"line":8,"column":18},"end":{"line":8,"column":65}},"2":{"start":{"line":10,"column":4},"end":{"line":12,"column":5}},"3":{"start":{"line":11,"column":8},"end":{"line":11,"column":39}},"4":{"start":{"line":14,"column":4},"end":{"line":14,"column":17}},"5":{"start":{"line":18,"column":0},"end":{"line":18,"column":44}}},"fnMap":{"0":{"name":"(anonymous_0)","decl":{"start":{"line":3,"column":2},"end":{"line":3,"column":3}},"loc":{"start":{"line":3,"column":31},"end":{"line":5,"column":3}},"line":3},"1":{"name":"(anonymous_1)","decl":{"start":{"line":7,"column":2},"end":{"line":7,"column":3}},"loc":{"start":{"line":7,"column":23},"end":{"line":15,"column":3}},"line":7}},"branchMap":{"0":{"loc":{"start":{"line":10,"column":4},"end":{"line":12,"column":5}},"type":"if","locations":[{"start":{"line":10,"column":4},"end":{"line":12,"column":5}},{"start":{},"end":{}}],"line":10}},"s":{"0":4,"1":4,"2":3,"3":2,"4":1,"5":1},"f":{"0":4,"1":4},"b":{"0":[2,1]},"_coverageSchema":"1a1c01bbd47fc00a2c39e90264f33305004495a9","hash":"ab7a950c3f89eb2e86248fd2cecb75a0397492ac"}
,"C:\\ms-fiap\\src\\core\\application\\use-cases\\StartOrderPreparationUseCase.js": {"path":"C:\\ms-fiap\\src\\core\\application\\use-cases\\StartOrderPreparationUseCase.js","statementMap":{"0":{"start":{"line":1,"column":32},"end":{"line":1,"column":89}},"1":{"start":{"line":5,"column":4},"end":{"line":5,"column":43}},"2":{"start":{"line":6,"column":4},"end":{"line":6,"column":41}},"3":{"start":{"line":10,"column":18},"end":{"line":10,"column":67}},"4":{"start":{"line":12,"column":4},"end":{"line":14,"column":5}},"5":{"start":{"line":13,"column":8},"end":{"line":13,"column":39}},"6":{"start":{"line":17,"column":18},"end":{"line":17,"column":42}},"7":{"start":{"line":18,"column":4},"end":{"line":20,"column":5}},"8":{"start":{"line":19,"column":8},"end":{"line":19,"column":27}},"9":{"start":{"line":21,"column":4},"end":{"line":21,"column":45}},"10":{"start":{"line":23,"column":18},"end":{"line":26,"column":6}},"11":{"start":{"line":28,"column":4},"end":{"line":28,"column":44}},"12":{"start":{"line":30,"column":4},"end":{"line":30,"column":17}},"13":{"start":{"line":34,"column":0},"end":{"line":34,"column":45}}},"fnMap":{"0":{"name":"(anonymous_0)","decl":{"start":{"line":4,"column":2},"end":{"line":4,"column":3}},"loc":{"start":{"line":4,"column":47},"end":{"line":7,"column":3}},"line":4},"1":{"name":"(anonymous_1)","decl":{"start":{"line":9,"column":2},"end":{"line":9,"column":3}},"loc":{"start":{"line":9,"column":26},"end":{"line":31,"column":3}},"line":9}},"branchMap":{"0":{"loc":{"start":{"line":12,"column":4},"end":{"line":14,"column":5}},"type":"if","locations":[{"start":{"line":12,"column":4},"end":{"line":14,"column":5}},{"start":{},"end":{}}],"line":12},"1":{"loc":{"start":{"line":18,"column":4},"end":{"line":20,"column":5}},"type":"if","locations":[{"start":{"line":18,"column":4},"end":{"line":20,"column":5}},{"start":{},"end":{}}],"line":18}},"s":{"0":1,"1":5,"2":5,"3":5,"4":5,"5":1,"6":4,"7":4,"8":1,"9":3,"10":2,"11":2,"12":1,"13":1},"f":{"0":5,"1":5},"b":{"0":[1,4],"1":[1,3]},"_coverageSchema":"1a1c01bbd47fc00a2c39e90264f33305004495a9","hash":"61fea50987a133309f31399d9e98237604cf67e9"}
,"C:\\ms-fiap\\src\\domain\\entities\\PreparationOrder.js": {"path":"C:\\ms-fiap\\src\\domain\\entities\\PreparationOrder.js","statementMap":{"0":{"start":{"line":1,"column":30},"end":{"line":1,"column":67}},"1":{"start":{"line":6,"column":4},"end":{"line":6,"column":56}},"2":{"start":{"line":6,"column":17},"end":{"line":6,"column":56}},"3":{"start":{"line":8,"column":4},"end":{"line":8,"column":27}},"4":{"start":{"line":9,"column":4},"end":{"line":9,"column":53}},"5":{"start":{"line":10,"column":4},"end":{"line":10,"column":38}},"6":{"start":{"line":11,"column":4},"end":{"line":11,"column":40}},"7":{"start":{"line":15,"column":4},"end":{"line":17,"column":5}},"8":{"start":{"line":16,"column":6},"end":{"line":16,"column":39}},"9":{"start":{"line":19,"column":4},"end":{"line":19,"column":48}},"10":{"start":{"line":20,"column":4},"end":{"line":20,"column":32}},"11":{"start":{"line":21,"column":4},"end":{"line":21,"column":15}},"12":{"start":{"line":25,"column":4},"end":{"line":27,"column":5}},"13":{"start":{"line":26,"column":6},"end":{"line":26,"column":43}},"14":{"start":{"line":29,"column":4},"end":{"line":29,"column":41}},"15":{"start":{"line":30,"column":4},"end":{"line":30,"column":33}},"16":{"start":{"line":31,"column":4},"end":{"line":31,"column":15}},"17":{"start":{"line":35,"column":0},"end":{"line":35,"column":34}}},"fnMap":{"0":{"name":"(anonymous_0)","decl":{"start":{"line":4,"column":2},"end":{"line":4,"column":3}},"loc":{"start":{"line":4,"column":70},"end":{"line":12,"column":3}},"line":4},"1":{"name":"(anonymous_1)","decl":{"start":{"line":14,"column":2},"end":{"line":14,"column":3}},"loc":{"start":{"line":14,"column":21},"end":{"line":22,"column":3}},"line":14},"2":{"name":"(anonymous_2)","decl":{"start":{"line":24,"column":2},"end":{"line":24,"column":3}},"loc":{"start":{"line":24,"column":22},"end":{"line":32,"column":3}},"line":24}},"branchMap":{"0":{"loc":{"start":{"line":4,"column":25},"end":{"line":4,"column":35}},"type":"default-arg","locations":[{"start":{"line":4,"column":33},"end":{"line":4,"column":35}}],"line":4},"1":{"loc":{"start":{"line":6,"column":4},"end":{"line":6,"column":56}},"type":"if","locations":[{"start":{"line":6,"column":4},"end":{"line":6,"column":56}},{"start":{},"end":{}}],"line":6},"2":{"loc":{"start":{"line":9,"column":18},"end":{"line":9,"column":53}},"type":"binary-expr","locations":[{"start":{"line":9,"column":18},"end":{"line":9,"column":24}},{"start":{"line":9,"column":28},"end":{"line":9,"column":53}}],"line":9},"3":{"loc":{"start":{"line":10,"column":21},"end":{"line":10,"column":38}},"type":"binary-expr","locations":[{"start":{"line":10,"column":21},"end":{"line":10,"column":30}},{"start":{"line":10,"column":34},"end":{"line":10,"column":38}}],"line":10},"4":{"loc":{"start":{"line":11,"column":22},"end":{"line":11,"column":40}},"type":"binary-expr","locations":[{"start":{"line":11,"column":22},"end":{"line":11,"column":32}},{"start":{"line":11,"column":36},"end":{"line":11,"column":40}}],"line":11},"5":{"loc":{"start":{"line":15,"column":4},"end":{"line":17,"column":5}},"type":"if","locations":[{"start":{"line":15,"column":4},"end":{"line":17,"column":5}},{"start":{},"end":{}}],"line":15},"6":{"loc":{"start":{"line":25,"column":4},"end":{"line":27,"column":5}},"type":"if","locations":[{"start":{"line":25,"column":4},"end":{"line":27,"column":5}},{"start":{},"end":{}}],"line":25}},"s":{"0":2,"1":12,"2":1,"3":11,"4":11,"5":11,"6":11,"7":2,"8":1,"9":1,"10":1,"11":1,"12":2,"13":1,"14":1,"15":1,"16":1,"17":2},"f":{"0":12,"1":2,"2":2},"b":{"0":[12],"1":[1,11],"2":[11,1],"3":[11,10],"4":[11,10],"5":[1,1],"6":[1,1]},"_coverageSchema":"1a1c01bbd47fc00a2c39e90264f33305004495a9","hash":"1bddff62b22611246d5720aa210fa7ad9bfdda80"}
,"C:\\ms-fiap\\src\\domain\\enums\\PreparationStatus.js": {"path":"C:\\ms-fiap\\src\\domain\\enums\\PreparationStatus.js","statementMap":{"0":{"start":{"line":1,"column":26},"end":{"line":5,"column":2}},"1":{"start":{"line":7,"column":0},"end":{"line":7,"column":38}}},"fnMap":{},"branchMap":{},"s":{"0":2,"1":2},"f":{},"b":{},"_coverageSchema":"1a1c01bbd47fc00a2c39e90264f33305004495a9","hash":"8f9079fd225ccfdcad614284ff509ffce9cf794b"}
,"C:\\ms-fiap\\src\\domain\\events\\OrderStatusUpdatedEvent.js": {"path":"C:\\ms-fiap\\src\\domain\\events\\OrderStatusUpdatedEvent.js","statementMap":{"0":{"start":{"line":2,"column":16},"end":{"line":2,"column":43}},"1":{"start":{"line":5,"column":8},"end":{"line":5,"column":30}},"2":{"start":{"line":6,"column":8},"end":{"line":6,"column":28}},"3":{"start":{"line":7,"column":8},"end":{"line":7,"column":48}},"4":{"start":{"line":11,"column":0},"end":{"line":11,"column":40}}},"fnMap":{"0":{"name":"(anonymous_0)","decl":{"start":{"line":4,"column":4},"end":{"line":4,"column":5}},"loc":{"start":{"line":4,"column":46},"end":{"line":8,"column":5}},"line":4}},"branchMap":{"0":{"loc":{"start":{"line":7,"column":25},"end":{"line":7,"column":48}},"type":"binary-expr","locations":[{"start":{"line":7,"column":25},"end":{"line":7,"column":34}},{"start":{"line":7,"column":38},"end":{"line":7,"column":48}}],"line":7}},"s":{"0":4,"1":4,"2":4,"3":4,"4":2},"f":{"0":4},"b":{"0":[4,4]},"_coverageSchema":"1a1c01bbd47fc00a2c39e90264f33305004495a9","hash":"d8d37bf1b932cb30535ebb78500559f0abb1d59c"}
}
