TN:
SF:src\core\application\use-cases\CreateOrderService.js
FN:4,(anonymous_0)
FN:8,(anonymous_1)
FNF:2
FNH:2
FNDA:5,(anonymous_0)
FNDA:5,(anonymous_1)
DA:1,1
DA:5,5
DA:9,5
DA:10,5
DA:12,5
DA:14,4
DA:18,1
LF:7
LH:7
BRDA:8,0,0,1
BRDA:9,1,0,5
BRDA:9,1,1,3
BRDA:10,2,0,5
BRDA:10,2,1,3
BRF:5
BRH:5
end_of_record
TN:
SF:src\core\application\use-cases\FinishOrderPreparationUseCase.js
FN:4,(anonymous_0)
FN:9,(anonymous_1)
FNF:2
FNH:2
FNDA:5,(anonymous_0)
FNDA:5,(anonymous_1)
DA:1,1
DA:5,5
DA:6,5
DA:10,5
DA:12,5
DA:13,1
DA:16,4
DA:18,4
DA:19,4
DA:20,1
DA:23,3
DA:25,2
DA:30,2
DA:32,2
DA:36,1
LF:15
LH:15
BRDA:12,0,0,1
BRDA:12,0,1,4
BRDA:19,1,0,1
BRDA:19,1,1,3
BRF:4
BRH:4
end_of_record
TN:
SF:src\core\application\use-cases\GetAllOrdersByStatusUseCase.js
FN:3,(anonymous_0)
FN:7,(anonymous_1)
FNF:2
FNH:2
FNDA:4,(anonymous_0)
FNDA:4,(anonymous_1)
DA:4,4
DA:8,4
DA:10,3
DA:11,2
DA:14,1
DA:18,1
LF:6
LH:6
BRDA:10,0,0,2
BRDA:10,0,1,1
BRF:2
BRH:2
end_of_record
TN:
SF:src\core\application\use-cases\StartOrderPreparationUseCase.js
FN:4,(anonymous_0)
FN:9,(anonymous_1)
FNF:2
FNH:2
FNDA:5,(anonymous_0)
FNDA:5,(anonymous_1)
DA:1,1
DA:5,5
DA:6,5
DA:10,5
DA:12,5
DA:13,1
DA:17,4
DA:18,4
DA:19,1
DA:21,3
DA:23,2
DA:28,2
DA:30,1
DA:34,1
LF:14
LH:14
BRDA:12,0,0,1
BRDA:12,0,1,4
BRDA:18,1,0,1
BRDA:18,1,1,3
BRF:4
BRH:4
end_of_record
TN:
SF:src\domain\entities\PreparationOrder.js
FN:4,(anonymous_0)
FN:14,(anonymous_1)
FN:24,(anonymous_2)
FNF:3
FNH:3
FNDA:12,(anonymous_0)
FNDA:2,(anonymous_1)
FNDA:2,(anonymous_2)
DA:1,2
DA:6,12
DA:8,11
DA:9,11
DA:10,11
DA:11,11
DA:15,2
DA:16,1
DA:19,1
DA:20,1
DA:21,1
DA:25,2
DA:26,1
DA:29,1
DA:30,1
DA:31,1
DA:35,2
LF:17
LH:17
BRDA:4,0,0,12
BRDA:6,1,0,1
BRDA:6,1,1,11
BRDA:9,2,0,11
BRDA:9,2,1,1
BRDA:10,3,0,11
BRDA:10,3,1,10
BRDA:11,4,0,11
BRDA:11,4,1,10
BRDA:15,5,0,1
BRDA:15,5,1,1
BRDA:25,6,0,1
BRDA:25,6,1,1
BRF:13
BRH:13
end_of_record
TN:
SF:src\domain\enums\PreparationStatus.js
FNF:0
FNH:0
DA:1,2
DA:7,2
LF:2
LH:2
BRF:0
BRH:0
end_of_record
TN:
SF:src\domain\events\OrderStatusUpdatedEvent.js
FN:4,(anonymous_0)
FNF:1
FNH:1
FNDA:4,(anonymous_0)
DA:2,4
DA:5,4
DA:6,4
DA:7,4
DA:11,2
LF:5
LH:5
BRDA:7,0,0,4
BRDA:7,0,1,4
BRF:2
BRH:2
end_of_record
